CharEvent 108 202 0 0 105 1 i
KeyReleaseEvent 108 202 0 0 105 1 i
MouseMoveEvent 107 203 0 0 0 0 i
MouseMoveEvent 106 203 0 0 0 0 i
MouseMoveEvent 105 203 0 0 0 0 i
MouseMoveEvent 104 204 0 0 0 0 i
MouseMoveEvent 103 204 0 0 0 0 i
MouseMoveEvent 102 204 0 0 0 0 i
MouseMoveEvent 101 204 0 0 0 0 i
MouseMoveEvent 100 204 0 0 0 0 i
MouseMoveEvent 99 204 0 0 0 0 i
MouseMoveEvent 98 204 0 0 0 0 i
MouseMoveEvent 98 205 0 0 0 0 i
MouseMoveEvent 97 205 0 0 0 0 i
MouseMoveEvent 96 205 0 0 0 0 i
MouseMoveEvent 95 204 0 0 0 0 i
MouseMoveEvent 95 203 0 0 0 0 i
MouseMoveEvent 95 202 0 0 0 0 i
MouseMoveEvent 95 201 0 0 0 0 i
MouseMoveEvent 95 200 0 0 0 0 i
MouseMoveEvent 95 199 0 0 0 0 i
MouseMoveEvent 95 198 0 0 0 0 i
MouseMoveEvent 93 197 0 0 0 0 i
MouseMoveEvent 90 195 0 0 0 0 i
MouseMoveEvent 87 194 0 0 0 0 i
MouseMoveEvent 82 194 0 0 0 0 i
MouseMoveEvent 76 193 0 0 0 0 i
MouseMoveEvent 75 193 0 0 0 0 i
MouseMoveEvent 74 193 0 0 0 0 i
MouseMoveEvent 72 193 0 0 0 0 i
MouseMoveEvent 71 193 0 0 0 0 i
MouseMoveEvent 70 193 0 0 0 0 i
MouseMoveEvent 70 194 0 0 0 0 i
MouseMoveEvent 70 195 0 0 0 0 i
LeftButtonPressEvent 70 195 0 0 0 0 i
MouseMoveEvent 70 194 0 0 0 0 i
MouseMoveEvent 73 193 0 0 0 0 i
MouseMoveEvent 74 192 0 0 0 0 i
MouseMoveEvent 77 191 0 0 0 0 i
MouseMoveEvent 79 191 0 0 0 0 i
MouseMoveEvent 79 188 0 0 0 0 i
MouseMoveEvent 81 187 0 0 0 0 i
MouseMoveEvent 81 186 0 0 0 0 i
MouseMoveEvent 81 185 0 0 0 0 i
MouseMoveEvent 81 184 0 0 0 0 i
MouseMoveEvent 82 183 0 0 0 0 i
MouseMoveEvent 83 182 0 0 0 0 i
MouseMoveEvent 83 181 0 0 0 0 i
MouseMoveEvent 83 180 0 0 0 0 i
MouseMoveEvent 84 180 0 0 0 0 i
MouseMoveEvent 85 180 0 0 0 0 i
MouseMoveEvent 85 179 0 0 0 0 i
MouseMoveEvent 86 179 0 0 0 0 i
MouseMoveEvent 86 178 0 0 0 0 i
MouseMoveEvent 87 177 0 0 0 0 i
MouseMoveEvent 89 177 0 0 0 0 i
MouseMoveEvent 90 177 0 0 0 0 i
MouseMoveEvent 92 177 0 0 0 0 i
MouseMoveEvent 94 177 0 0 0 0 i
MouseMoveEvent 95 176 0 0 0 0 i
MouseMoveEvent 96 176 0 0 0 0 i
MouseMoveEvent 96 175 0 0 0 0 i
MouseMoveEvent 97 175 0 0 0 0 i
MouseMoveEvent 98 174 0 0 0 0 i
MouseMoveEvent 99 173 0 0 0 0 i
MouseMoveEvent 99 172 0 0 0 0 i
MouseMoveEvent 100 172 0 0 0 0 i
MouseMoveEvent 101 172 0 0 0 0 i
MouseMoveEvent 102 171 0 0 0 0 i
MouseMoveEvent 103 171 0 0 0 0 i
MouseMoveEvent 105 169 0 0 0 0 i
MouseMoveEvent 109 169 0 0 0 0 i
MouseMoveEvent 113 168 0 0 0 0 i
MouseMoveEvent 115 166 0 0 0 0 i
MouseMoveEvent 118 166 0 0 0 0 i
MouseMoveEvent 119 166 0 0 0 0 i
MouseMoveEvent 122 166 0 0 0 0 i
MouseMoveEvent 125 166 0 0 0 0 i
MouseMoveEvent 127 168 0 0 0 0 i
MouseMoveEvent 133 168 0 0 0 0 i
MouseMoveEvent 134 169 0 0 0 0 i
MouseMoveEvent 136 169 0 0 0 0 i
MouseMoveEvent 140 170 0 0 0 0 i
MouseMoveEvent 141 170 0 0 0 0 i
MouseMoveEvent 142 170 0 0 0 0 i
MouseMoveEvent 143 170 0 0 0 0 i
MouseMoveEvent 143 171 0 0 0 0 i
MouseMoveEvent 144 171 0 0 0 0 i
MouseMoveEvent 145 172 0 0 0 0 i
MouseMoveEvent 147 172 0 0 0 0 i
MouseMoveEvent 148 172 0 0 0 0 i
MouseMoveEvent 153 173 0 0 0 0 i
MouseMoveEvent 152 173 0 0 0 0 i
MouseMoveEvent 153 174 0 0 0 0 i
MouseMoveEvent 155 174 0 0 0 0 i
MouseMoveEvent 158 175 0 0 0 0 i
MouseMoveEvent 159 175 0 0 0 0 i
MouseMoveEvent 160 176 0 0 0 0 i
MouseMoveEvent 163 176 0 0 0 0 i
MouseMoveEvent 164 177 0 0 0 0 i
MouseMoveEvent 167 178 0 0 0 0 i
MouseMoveEvent 168 178 0 0 0 0 i
MouseMoveEvent 170 179 0 0 0 0 i
MouseMoveEvent 170 180 0 0 0 0 i
MouseMoveEvent 171 180 0 0 0 0 i
MouseMoveEvent 171 181 0 0 0 0 i
MouseMoveEvent 172 182 0 0 0 0 i
MouseMoveEvent 173 182 0 0 0 0 i
MouseMoveEvent 174 184 0 0 0 0 i
MouseMoveEvent 176 185 0 0 0 0 i
MouseMoveEvent 179 186 0 0 0 0 i
MouseMoveEvent 180 186 0 0 0 0 i
MouseMoveEvent 183 188 0 0 0 0 i
MouseMoveEvent 185 190 0 0 0 0 i
MouseMoveEvent 188 191 0 0 0 0 i
MouseMoveEvent 189 192 0 0 0 0 i
MouseMoveEvent 191 192 0 0 0 0 i
MouseMoveEvent 191 193 0 0 0 0 i
MouseMoveEvent 194 195 0 0 0 0 i
MouseMoveEvent 196 196 0 0 0 0 i
MouseMoveEvent 197 197 0 0 0 0 i
MouseMoveEvent 199 199 0 0 0 0 i
MouseMoveEvent 200 199 0 0 0 0 i
LeftButtonReleaseEvent 200 199 0 0 0 0 i
MouseMoveEvent 200 199 0 0 0 0 i
MouseMoveEvent 200 198 0 0 0 0 i
MouseMoveEvent 200 197 0 0 0 0 i
MouseMoveEvent 200 196 0 0 0 0 i
MouseMoveEvent 200 194 0 0 0 0 i
MouseMoveEvent 201 192 0 0 0 0 i
MouseMoveEvent 201 190 0 0 0 0 i
MouseMoveEvent 200 186 0 0 0 0 i
MouseMoveEvent 196 180 0 0 0 0 i
MouseMoveEvent 191 175 0 0 0 0 i
MouseMoveEvent 183 170 0 0 0 0 i
MouseMoveEvent 176 167 0 0 0 0 i
MouseMoveEvent 173 161 0 0 0 0 i
MouseMoveEvent 169 160 0 0 0 0 i
MouseMoveEvent 168 159 0 0 0 0 i
MouseMoveEvent 167 158 0 0 0 0 i
MouseMoveEvent 166 158 0 0 0 0 i
MouseMoveEvent 165 158 0 0 0 0 i
MouseMoveEvent 163 158 0 0 0 0 i
MouseMoveEvent 162 157 0 0 0 0 i
MouseMoveEvent 159 157 0 0 0 0 i
MouseMoveEvent 156 157 0 0 0 0 i
MouseMoveEvent 153 157 0 0 0 0 i
MouseMoveEvent 152 156 0 0 0 0 i
MouseMoveEvent 151 156 0 0 0 0 i
MouseMoveEvent 151 157 0 0 0 0 i
MouseMoveEvent 152 158 0 0 0 0 i
MouseMoveEvent 153 160 0 0 0 0 i
MouseMoveEvent 156 161 0 0 0 0 i
MouseMoveEvent 156 163 0 0 0 0 i
MouseMoveEvent 156 164 0 0 0 0 i
MouseMoveEvent 156 166 0 0 0 0 i
MouseMoveEvent 155 167 0 0 0 0 i
LeftButtonPressEvent 155 167 0 0 0 0 i
MouseMoveEvent 155 168 0 0 0 0 i
MouseMoveEvent 155 169 0 0 0 0 i
MouseMoveEvent 155 170 0 0 0 0 i
MouseMoveEvent 155 171 0 0 0 0 i
MouseMoveEvent 155 172 0 0 0 0 i
MouseMoveEvent 155 173 0 0 0 0 i
MouseMoveEvent 155 174 0 0 0 0 i
MouseMoveEvent 154 176 0 0 0 0 i
MouseMoveEvent 154 178 0 0 0 0 i
MouseMoveEvent 154 179 0 0 0 0 i
MouseMoveEvent 154 181 0 0 0 0 i
MouseMoveEvent 154 182 0 0 0 0 i
MouseMoveEvent 154 183 0 0 0 0 i
MouseMoveEvent 154 184 0 0 0 0 i
MouseMoveEvent 154 185 0 0 0 0 i
MouseMoveEvent 154 186 0 0 0 0 i
LeftButtonReleaseEvent 154 186 0 0 0 0 i
MouseMoveEvent 154 185 0 0 0 0 i
MouseMoveEvent 154 184 0 0 0 0 i
MouseMoveEvent 154 183 0 0 0 0 i
MouseMoveEvent 154 182 0 0 0 0 i
MouseMoveEvent 154 181 0 0 0 0 i
MouseMoveEvent 155 181 0 0 0 0 i
MouseMoveEvent 156 181 0 0 0 0 i
MouseMoveEvent 157 183 0 0 0 0 i
MouseMoveEvent 158 183 0 0 0 0 i
RightButtonPressEvent 158 183 0 0 0 0 i
MouseMoveEvent 158 184 0 0 0 0 i
MouseMoveEvent 158 186 0 0 0 0 i
MouseMoveEvent 158 187 0 0 0 0 i
MouseMoveEvent 158 189 0 0 0 0 i
MouseMoveEvent 159 190 0 0 0 0 i
MouseMoveEvent 159 192 0 0 0 0 i
MouseMoveEvent 159 193 0 0 0 0 i
MouseMoveEvent 159 195 0 0 0 0 i
MouseMoveEvent 159 199 0 0 0 0 i
MouseMoveEvent 157 201 0 0 0 0 i
MouseMoveEvent 154 204 0 0 0 0 i
MouseMoveEvent 153 205 0 0 0 0 i
MouseMoveEvent 151 206 0 0 0 0 i
MouseMoveEvent 150 207 0 0 0 0 i
MouseMoveEvent 150 206 0 0 0 0 i
MouseMoveEvent 150 205 0 0 0 0 i
MouseMoveEvent 150 204 0 0 0 0 i
MouseMoveEvent 150 200 0 0 0 0 i
MouseMoveEvent 150 197 0 0 0 0 i
MouseMoveEvent 150 193 0 0 0 0 i
MouseMoveEvent 148 189 0 0 0 0 i
MouseMoveEvent 147 189 0 0 0 0 i
MouseMoveEvent 147 184 0 0 0 0 i
MouseMoveEvent 147 183 0 0 0 0 i
MouseMoveEvent 147 182 0 0 0 0 i
MouseMoveEvent 147 181 0 0 0 0 i
MouseMoveEvent 147 180 0 0 0 0 i
MouseMoveEvent 147 179 0 0 0 0 i
MouseMoveEvent 148 177 0 0 0 0 i
MouseMoveEvent 148 175 0 0 0 0 i
MouseMoveEvent 148 173 0 0 0 0 i
MouseMoveEvent 148 171 0 0 0 0 i
MouseMoveEvent 148 169 0 0 0 0 i
MouseMoveEvent 148 166 0 0 0 0 i
MouseMoveEvent 147 165 0 0 0 0 i
MouseMoveEvent 147 164 0 0 0 0 i
MouseMoveEvent 147 163 0 0 0 0 i
MouseMoveEvent 147 162 0 0 0 0 i
MouseMoveEvent 147 161 0 0 0 0 i
MouseMoveEvent 147 159 0 0 0 0 i
MouseMoveEvent 147 158 0 0 0 0 i
MouseMoveEvent 147 157 0 0 0 0 i
MouseMoveEvent 147 156 0 0 0 0 i
MouseMoveEvent 146 155 0 0 0 0 i
MouseMoveEvent 146 154 0 0 0 0 i
MouseMoveEvent 146 153 0 0 0 0 i
MouseMoveEvent 146 152 0 0 0 0 i
MouseMoveEvent 146 151 0 0 0 0 i
MouseMoveEvent 146 150 0 0 0 0 i
MouseMoveEvent 146 149 0 0 0 0 i
RightButtonReleaseEvent 146 149 0 0 0 0 i
MouseMoveEvent 145 149 0 0 0 0 i
MouseMoveEvent 145 148 0 0 0 0 i
MouseMoveEvent 145 149 0 0 0 0 i
MouseMoveEvent 144 149 0 0 0 0 i
MouseMoveEvent 142 149 0 0 0 0 i
MouseMoveEvent 141 149 0 0 0 0 i
MouseMoveEvent 140 149 0 0 0 0 i
MouseMoveEvent 138 150 0 0 0 0 i
MouseMoveEvent 138 151 0 0 0 0 i
MouseMoveEvent 134 153 0 0 0 0 i
MouseMoveEvent 130 154 0 0 0 0 i
MouseMoveEvent 125 159 0 0 0 0 i
MouseMoveEvent 119 161 0 0 0 0 i
MouseMoveEvent 109 168 0 0 0 0 i
MouseMoveEvent 107 170 0 0 0 0 i
MouseMoveEvent 104 174 0 0 0 0 i
MouseMoveEvent 103 175 0 0 0 0 i
MouseMoveEvent 102 177 0 0 0 0 i
MouseMoveEvent 100 180 0 0 0 0 i
MouseMoveEvent 100 182 0 0 0 0 i
MouseMoveEvent 99 185 0 0 0 0 i
MouseMoveEvent 99 186 0 0 0 0 i
MouseMoveEvent 98 186 0 0 0 0 i
MouseMoveEvent 97 187 0 0 0 0 i
MouseMoveEvent 96 188 0 0 0 0 i
MouseMoveEvent 95 189 0 0 0 0 i
MouseMoveEvent 94 189 0 0 0 0 i
MouseMoveEvent 93 189 0 0 0 0 i
MouseMoveEvent 92 190 0 0 0 0 i
MouseMoveEvent 90 190 0 0 0 0 i
MouseMoveEvent 89 191 0 0 0 0 i
MouseMoveEvent 86 191 0 0 0 0 i
MouseMoveEvent 80 194 0 0 0 0 i
MouseMoveEvent 75 195 0 0 0 0 i
MouseMoveEvent 73 196 0 0 0 0 i
MouseMoveEvent 71 197 0 0 0 0 i
MouseMoveEvent 69 197 0 0 0 0 i
MouseMoveEvent 65 197 0 0 0 0 i
MouseMoveEvent 64 198 0 0 0 0 i
MouseMoveEvent 62 197 0 0 0 0 i
MouseMoveEvent 60 197 0 0 0 0 i
MouseMoveEvent 59 197 0 0 0 0 i
LeftButtonPressEvent 59 197 0 0 0 0 i
TimerEvent 59 197 0 0 0 0 i
TimerEvent 59 197 0 0 0 0 i
TimerEvent 59 197 0 0 0 0 i
TimerEvent 59 197 0 0 0 0 i
TimerEvent 59 197 0 0 0 0 i
TimerEvent 59 197 0 0 0 0 i
TimerEvent 59 197 0 0 0 0 i
MouseMoveEvent 59 196 0 0 0 0 i
TimerEvent 59 196 0 0 0 0 i
MouseMoveEvent 59 195 0 0 0 0 i
TimerEvent 59 195 0 0 0 0 i
MouseMoveEvent 61 195 0 0 0 0 i
TimerEvent 61 195 0 0 0 0 i
MouseMoveEvent 63 194 0 0 0 0 i
TimerEvent 63 194 0 0 0 0 i
MouseMoveEvent 69 194 0 0 0 0 i
TimerEvent 69 194 0 0 0 0 i
TimerEvent 69 194 0 0 0 0 i
MouseMoveEvent 71 192 0 0 0 0 i
TimerEvent 71 192 0 0 0 0 i
MouseMoveEvent 73 191 0 0 0 0 i
TimerEvent 73 191 0 0 0 0 i
MouseMoveEvent 75 191 0 0 0 0 i
TimerEvent 75 191 0 0 0 0 i
MouseMoveEvent 78 190 0 0 0 0 i
TimerEvent 78 190 0 0 0 0 i
TimerEvent 78 190 0 0 0 0 i
TimerEvent 78 190 0 0 0 0 i
TimerEvent 78 190 0 0 0 0 i
TimerEvent 78 190 0 0 0 0 i
TimerEvent 78 190 0 0 0 0 i
MouseMoveEvent 79 189 0 0 0 0 i
TimerEvent 79 189 0 0 0 0 i
TimerEvent 79 189 0 0 0 0 i
TimerEvent 79 189 0 0 0 0 i
TimerEvent 79 189 0 0 0 0 i
TimerEvent 79 189 0 0 0 0 i
TimerEvent 79 189 0 0 0 0 i
TimerEvent 79 189 0 0 0 0 i
TimerEvent 79 189 0 0 0 0 i
TimerEvent 79 189 0 0 0 0 i
TimerEvent 79 189 0 0 0 0 i
TimerEvent 79 189 0 0 0 0 i
TimerEvent 79 189 0 0 0 0 i
TimerEvent 79 189 0 0 0 0 i
TimerEvent 79 189 0 0 0 0 i
LeftButtonReleaseEvent 79 189 0 0 0 0 i
MouseMoveEvent 79 189 0 0 0 0 i
MouseMoveEvent 79 188 0 0 0 0 i
MouseMoveEvent 78 188 0 0 0 0 i
MouseMoveEvent 78 187 0 0 0 0 i
MouseMoveEvent 78 186 0 0 0 0 i
MouseMoveEvent 78 185 0 0 0 0 i
MouseMoveEvent 78 184 0 0 0 0 i
MouseMoveEvent 78 183 0 0 0 0 i
MouseMoveEvent 78 182 0 0 0 0 i
MouseMoveEvent 78 181 0 0 0 0 i
MouseMoveEvent 78 180 0 0 0 0 i
MouseMoveEvent 79 179 0 0 0 0 i
MouseMoveEvent 81 178 0 0 0 0 i
MouseMoveEvent 86 177 0 0 0 0 i
MouseMoveEvent 88 176 0 0 0 0 i
MouseMoveEvent 92 174 0 0 0 0 i
MouseMoveEvent 94 173 0 0 0 0 i
MouseMoveEvent 96 173 0 0 0 0 i
MouseMoveEvent 97 173 0 0 0 0 i
MouseMoveEvent 98 172 0 0 0 0 i
MouseMoveEvent 99 172 0 0 0 0 i
MouseMoveEvent 100 172 0 0 0 0 i
MouseMoveEvent 101 173 0 0 0 0 i
MouseMoveEvent 102 173 0 0 0 0 i
MouseMoveEvent 102 175 0 0 0 0 i
MouseMoveEvent 102 176 0 0 0 0 i
MouseMoveEvent 100 178 0 0 0 0 i
MouseMoveEvent 97 181 0 0 0 0 i
MouseMoveEvent 96 182 0 0 0 0 i
MouseMoveEvent 94 183 0 0 0 0 i
MouseMoveEvent 93 184 0 0 0 0 i
MouseMoveEvent 91 184 0 0 0 0 i
MouseMoveEvent 90 184 0 0 0 0 i
MouseMoveEvent 88 185 0 0 0 0 i
MouseMoveEvent 87 185 0 0 0 0 i
MouseMoveEvent 87 186 0 0 0 0 i
MouseMoveEvent 86 186 0 0 0 0 i
MouseMoveEvent 85 186 0 0 0 0 i
MouseMoveEvent 85 187 0 0 0 0 i
MouseMoveEvent 84 187 0 0 0 0 i
MouseMoveEvent 84 188 0 0 0 0 i
MouseMoveEvent 83 188 0 0 0 0 i
MouseMoveEvent 83 189 0 0 0 0 i
MouseMoveEvent 82 189 0 0 0 0 i
MouseMoveEvent 82 190 0 0 0 0 i
MouseMoveEvent 81 190 0 0 0 0 i
MouseMoveEvent 81 191 0 0 0 0 i
MouseMoveEvent 81 192 0 0 0 0 i
MouseMoveEvent 81 193 0 0 0 0 i
MouseMoveEvent 81 194 0 0 0 0 i
MouseMoveEvent 81 195 0 0 0 0 i
MouseMoveEvent 81 196 0 0 0 0 i
MouseMoveEvent 81 198 0 0 0 0 i
MouseMoveEvent 81 201 0 0 0 0 i
MouseMoveEvent 78 205 0 0 0 0 i
MouseMoveEvent 67 210 0 0 0 0 i
MouseMoveEvent 56 213 0 0 0 0 i
MouseMoveEvent 39 218 0 0 0 0 i
MouseMoveEvent 29 223 0 0 0 0 i
MouseMoveEvent 23 226 0 0 0 0 i
MouseMoveEvent 16 228 0 0 0 0 i
MouseMoveEvent 14 229 0 0 0 0 i
MouseMoveEvent 12 230 0 0 0 0 i
MouseMoveEvent 11 230 0 0 0 0 i
MouseMoveEvent 12 229 0 0 0 0 i
MouseMoveEvent 13 229 0 0 0 0 i
MouseMoveEvent 15 228 0 0 0 0 i
MouseMoveEvent 17 228 0 0 0 0 i

